{"executionId": "6df40824-e0af-4fc7-87ba-310eeddc2fbf", "createdAt": "2024-03-30T18:00:08.683611Z", "event": "form-message", "payload": {"messageType": "execution:start", "messagePayload": {"type": "execution:start", "params": {}}}, "sequence": 1}
{"executionId": "6df40824-e0af-4fc7-87ba-310eeddc2fbf", "createdAt": "2024-03-30T18:00:08.684100Z", "event": "form-message", "payload": {"messageType": "execution:started", "messagePayload": {"executionId": "6df40824-e0af-4fc7-87ba-310eeddc2fbf"}}, "sequence": 2}
{"executionId": "6df40824-e0af-4fc7-87ba-310eeddc2fbf", "createdAt": "2024-03-30T18:00:08.687053Z", "event": "form-message", "payload": {"messageType": "form:mount-page", "messagePayload": {"widgets": [{"type": "text-input", "key": "\ud83d\udc4b Hello there! What is your name?", "label": "\ud83d\udc4b Hello there! What is your name?", "value": "", "placeholder": "", "required": true, "hint": null, "fullWidth": false, "mask": null, "disabled": false, "errors": []}], "actions": ["i18n_next_action"], "endProgram": false, "reactivePollingInterval": 0, "steps": null}}, "sequence": 3}
{"executionId": "6df40824-e0af-4fc7-87ba-310eeddc2fbf", "createdAt": "2024-03-30T18:00:10.540455Z", "event": "form-message", "payload": {"messageType": "form:user-event", "messagePayload": {"type": "form:user-event", "payload": {"\ud83d\udc4b Hello there! What is your name?": "R"}, "secrets": [], "seq": 1}}, "sequence": 4}
{"executionId": "6df40824-e0af-4fc7-87ba-310eeddc2fbf", "createdAt": "2024-03-30T18:00:10.540932Z", "event": "form-message", "payload": {"messageType": "form:update-page", "messagePayload": {"widgets": [{"type": "text-input", "key": "\ud83d\udc4b Hello there! What is your name?", "label": "\ud83d\udc4b Hello there! What is your name?", "value": "R", "placeholder": "", "required": true, "hint": null, "fullWidth": false, "mask": null, "disabled": false, "errors": []}], "validation": {"status": true, "message": ""}, "seq": 1}}, "sequence": 5}
{"executionId": "6df40824-e0af-4fc7-87ba-310eeddc2fbf", "createdAt": "2024-03-30T18:00:10.684261Z", "event": "form-message", "payload": {"messageType": "form:user-event", "messagePayload": {"type": "form:user-event", "payload": {"\ud83d\udc4b Hello there! What is your name?": "Ra"}, "secrets": [], "seq": 2}}, "sequence": 6}
{"executionId": "6df40824-e0af-4fc7-87ba-310eeddc2fbf", "createdAt": "2024-03-30T18:00:10.684803Z", "event": "form-message", "payload": {"messageType": "form:update-page", "messagePayload": {"widgets": [{"type": "text-input", "key": "\ud83d\udc4b Hello there! What is your name?", "label": "\ud83d\udc4b Hello there! What is your name?", "value": "Ra", "placeholder": "", "required": true, "hint": null, "fullWidth": false, "mask": null, "disabled": false, "errors": []}], "validation": {"status": true, "message": ""}, "seq": 2}}, "sequence": 7}
{"executionId": "6df40824-e0af-4fc7-87ba-310eeddc2fbf", "createdAt": "2024-03-30T18:00:10.797296Z", "event": "form-message", "payload": {"messageType": "form:user-event", "messagePayload": {"type": "form:user-event", "payload": {"\ud83d\udc4b Hello there! What is your name?": "Raj"}, "secrets": [], "seq": 3}}, "sequence": 8}
{"executionId": "6df40824-e0af-4fc7-87ba-310eeddc2fbf", "createdAt": "2024-03-30T18:00:10.797732Z", "event": "form-message", "payload": {"messageType": "form:update-page", "messagePayload": {"widgets": [{"type": "text-input", "key": "\ud83d\udc4b Hello there! What is your name?", "label": "\ud83d\udc4b Hello there! What is your name?", "value": "Raj", "placeholder": "", "required": true, "hint": null, "fullWidth": false, "mask": null, "disabled": false, "errors": []}], "validation": {"status": true, "message": ""}, "seq": 3}}, "sequence": 9}
{"executionId": "6df40824-e0af-4fc7-87ba-310eeddc2fbf", "createdAt": "2024-03-30T18:00:11.842414Z", "event": "form-message", "payload": {"messageType": "form:page-response", "messagePayload": {"type": "form:page-response", "payload": {"\ud83d\udc4b Hello there! What is your name?": "Raj"}, "action": "i18n_next_action", "seq": 4}}, "sequence": 10}
{"executionId": "6df40824-e0af-4fc7-87ba-310eeddc2fbf", "createdAt": "2024-03-30T18:00:11.842995Z", "event": "form-message", "payload": {"messageType": "form:mount-page", "messagePayload": {"widgets": [{"type": "text-output", "text": "\ud83c\udf89 Welcome, Raj!", "size": "medium", "fullWidth": false}, {"type": "text-input", "key": "name", "label": "\ud83d\udca1 Please enter a product name", "value": "", "placeholder": "", "required": true, "hint": null, "fullWidth": false, "mask": null, "disabled": false, "errors": []}], "actions": ["Next"], "endProgram": false, "reactivePollingInterval": 0, "steps": null}}, "sequence": 11}
{"executionId": "6df40824-e0af-4fc7-87ba-310eeddc2fbf", "createdAt": "2024-03-30T18:00:13.343417Z", "event": "form-message", "payload": {"messageType": "form:user-event", "messagePayload": {"type": "form:user-event", "payload": {"name": "R"}, "secrets": [], "seq": 5}}, "sequence": 12}
{"executionId": "6df40824-e0af-4fc7-87ba-310eeddc2fbf", "createdAt": "2024-03-30T18:00:13.343908Z", "event": "form-message", "payload": {"messageType": "form:update-page", "messagePayload": {"widgets": [{"type": "text-output", "text": "\ud83c\udf89 Welcome, Raj!", "size": "medium", "fullWidth": false}, {"type": "text-input", "key": "name", "label": "\ud83d\udca1 Please enter a product name", "value": "R", "placeholder": "", "required": true, "hint": null, "fullWidth": false, "mask": null, "disabled": false, "errors": []}], "validation": {"status": true, "message": ""}, "seq": 5}}, "sequence": 13}
{"executionId": "6df40824-e0af-4fc7-87ba-310eeddc2fbf", "createdAt": "2024-03-30T18:00:13.514354Z", "event": "form-message", "payload": {"messageType": "form:user-event", "messagePayload": {"type": "form:user-event", "payload": {"name": "Re"}, "secrets": [], "seq": 6}}, "sequence": 14}
{"executionId": "6df40824-e0af-4fc7-87ba-310eeddc2fbf", "createdAt": "2024-03-30T18:00:13.515043Z", "event": "form-message", "payload": {"messageType": "form:update-page", "messagePayload": {"widgets": [{"type": "text-output", "text": "\ud83c\udf89 Welcome, Raj!", "size": "medium", "fullWidth": false}, {"type": "text-input", "key": "name", "label": "\ud83d\udca1 Please enter a product name", "value": "Re", "placeholder": "", "required": true, "hint": null, "fullWidth": false, "mask": null, "disabled": false, "errors": []}], "validation": {"status": true, "message": ""}, "seq": 6}}, "sequence": 15}
{"executionId": "6df40824-e0af-4fc7-87ba-310eeddc2fbf", "createdAt": "2024-03-30T18:00:13.718860Z", "event": "form-message", "payload": {"messageType": "form:user-event", "messagePayload": {"type": "form:user-event", "payload": {"name": "Rea"}, "secrets": [], "seq": 7}}, "sequence": 16}
{"executionId": "6df40824-e0af-4fc7-87ba-310eeddc2fbf", "createdAt": "2024-03-30T18:00:13.719303Z", "event": "form-message", "payload": {"messageType": "form:update-page", "messagePayload": {"widgets": [{"type": "text-output", "text": "\ud83c\udf89 Welcome, Raj!", "size": "medium", "fullWidth": false}, {"type": "text-input", "key": "name", "label": "\ud83d\udca1 Please enter a product name", "value": "Rea", "placeholder": "", "required": true, "hint": null, "fullWidth": false, "mask": null, "disabled": false, "errors": []}], "validation": {"status": true, "message": ""}, "seq": 7}}, "sequence": 17}
{"executionId": "6df40824-e0af-4fc7-87ba-310eeddc2fbf", "createdAt": "2024-03-30T18:00:13.911608Z", "event": "form-message", "payload": {"messageType": "form:user-event", "messagePayload": {"type": "form:user-event", "payload": {"name": "Real"}, "secrets": [], "seq": 8}}, "sequence": 18}
{"executionId": "6df40824-e0af-4fc7-87ba-310eeddc2fbf", "createdAt": "2024-03-30T18:00:13.912095Z", "event": "form-message", "payload": {"messageType": "form:update-page", "messagePayload": {"widgets": [{"type": "text-output", "text": "\ud83c\udf89 Welcome, Raj!", "size": "medium", "fullWidth": false}, {"type": "text-input", "key": "name", "label": "\ud83d\udca1 Please enter a product name", "value": "Real", "placeholder": "", "required": true, "hint": null, "fullWidth": false, "mask": null, "disabled": false, "errors": []}], "validation": {"status": true, "message": ""}, "seq": 8}}, "sequence": 19}
{"executionId": "6df40824-e0af-4fc7-87ba-310eeddc2fbf", "createdAt": "2024-03-30T18:00:14.142756Z", "event": "form-message", "payload": {"messageType": "form:user-event", "messagePayload": {"type": "form:user-event", "payload": {"name": "Realm"}, "secrets": [], "seq": 9}}, "sequence": 20}
{"executionId": "6df40824-e0af-4fc7-87ba-310eeddc2fbf", "createdAt": "2024-03-30T18:00:14.143296Z", "event": "form-message", "payload": {"messageType": "form:update-page", "messagePayload": {"widgets": [{"type": "text-output", "text": "\ud83c\udf89 Welcome, Raj!", "size": "medium", "fullWidth": false}, {"type": "text-input", "key": "name", "label": "\ud83d\udca1 Please enter a product name", "value": "Realm", "placeholder": "", "required": true, "hint": null, "fullWidth": false, "mask": null, "disabled": false, "errors": []}], "validation": {"status": true, "message": ""}, "seq": 9}}, "sequence": 21}
{"executionId": "6df40824-e0af-4fc7-87ba-310eeddc2fbf", "createdAt": "2024-03-30T18:00:14.256292Z", "event": "form-message", "payload": {"messageType": "form:user-event", "messagePayload": {"type": "form:user-event", "payload": {"name": "Realme"}, "secrets": [], "seq": 10}}, "sequence": 22}
{"executionId": "6df40824-e0af-4fc7-87ba-310eeddc2fbf", "createdAt": "2024-03-30T18:00:14.256973Z", "event": "form-message", "payload": {"messageType": "form:update-page", "messagePayload": {"widgets": [{"type": "text-output", "text": "\ud83c\udf89 Welcome, Raj!", "size": "medium", "fullWidth": false}, {"type": "text-input", "key": "name", "label": "\ud83d\udca1 Please enter a product name", "value": "Realme", "placeholder": "", "required": true, "hint": null, "fullWidth": false, "mask": null, "disabled": false, "errors": []}], "validation": {"status": true, "message": ""}, "seq": 10}}, "sequence": 23}
{"executionId": "6df40824-e0af-4fc7-87ba-310eeddc2fbf", "createdAt": "2024-03-30T18:00:14.352719Z", "event": "form-message", "payload": {"messageType": "form:user-event", "messagePayload": {"type": "form:user-event", "payload": {"name": "Realme "}, "secrets": [], "seq": 11}}, "sequence": 24}
{"executionId": "6df40824-e0af-4fc7-87ba-310eeddc2fbf", "createdAt": "2024-03-30T18:00:14.353214Z", "event": "form-message", "payload": {"messageType": "form:update-page", "messagePayload": {"widgets": [{"type": "text-output", "text": "\ud83c\udf89 Welcome, Raj!", "size": "medium", "fullWidth": false}, {"type": "text-input", "key": "name", "label": "\ud83d\udca1 Please enter a product name", "value": "Realme ", "placeholder": "", "required": true, "hint": null, "fullWidth": false, "mask": null, "disabled": false, "errors": []}], "validation": {"status": true, "message": ""}, "seq": 11}}, "sequence": 25}
{"executionId": "6df40824-e0af-4fc7-87ba-310eeddc2fbf", "createdAt": "2024-03-30T18:00:14.558578Z", "event": "form-message", "payload": {"messageType": "form:user-event", "messagePayload": {"type": "form:user-event", "payload": {"name": "Realme 1"}, "secrets": [], "seq": 12}}, "sequence": 26}
{"executionId": "6df40824-e0af-4fc7-87ba-310eeddc2fbf", "createdAt": "2024-03-30T18:00:14.559056Z", "event": "form-message", "payload": {"messageType": "form:update-page", "messagePayload": {"widgets": [{"type": "text-output", "text": "\ud83c\udf89 Welcome, Raj!", "size": "medium", "fullWidth": false}, {"type": "text-input", "key": "name", "label": "\ud83d\udca1 Please enter a product name", "value": "Realme 1", "placeholder": "", "required": true, "hint": null, "fullWidth": false, "mask": null, "disabled": false, "errors": []}], "validation": {"status": true, "message": ""}, "seq": 12}}, "sequence": 27}
{"executionId": "6df40824-e0af-4fc7-87ba-310eeddc2fbf", "createdAt": "2024-03-30T18:00:14.824283Z", "event": "form-message", "payload": {"messageType": "form:user-event", "messagePayload": {"type": "form:user-event", "payload": {"name": "Realme 12"}, "secrets": [], "seq": 13}}, "sequence": 28}
{"executionId": "6df40824-e0af-4fc7-87ba-310eeddc2fbf", "createdAt": "2024-03-30T18:00:14.824536Z", "event": "form-message", "payload": {"messageType": "form:update-page", "messagePayload": {"widgets": [{"type": "text-output", "text": "\ud83c\udf89 Welcome, Raj!", "size": "medium", "fullWidth": false}, {"type": "text-input", "key": "name", "label": "\ud83d\udca1 Please enter a product name", "value": "Realme 12", "placeholder": "", "required": true, "hint": null, "fullWidth": false, "mask": null, "disabled": false, "errors": []}], "validation": {"status": true, "message": ""}, "seq": 13}}, "sequence": 29}
{"executionId": "6df40824-e0af-4fc7-87ba-310eeddc2fbf", "createdAt": "2024-03-30T18:00:14.923558Z", "event": "form-message", "payload": {"messageType": "form:user-event", "messagePayload": {"type": "form:user-event", "payload": {"name": "Realme 12 "}, "secrets": [], "seq": 14}}, "sequence": 30}
{"executionId": "6df40824-e0af-4fc7-87ba-310eeddc2fbf", "createdAt": "2024-03-30T18:00:14.923717Z", "event": "form-message", "payload": {"messageType": "form:update-page", "messagePayload": {"widgets": [{"type": "text-output", "text": "\ud83c\udf89 Welcome, Raj!", "size": "medium", "fullWidth": false}, {"type": "text-input", "key": "name", "label": "\ud83d\udca1 Please enter a product name", "value": "Realme 12 ", "placeholder": "", "required": true, "hint": null, "fullWidth": false, "mask": null, "disabled": false, "errors": []}], "validation": {"status": true, "message": ""}, "seq": 14}}, "sequence": 31}
{"executionId": "6df40824-e0af-4fc7-87ba-310eeddc2fbf", "createdAt": "2024-03-30T18:00:15.244870Z", "event": "form-message", "payload": {"messageType": "form:user-event", "messagePayload": {"type": "form:user-event", "payload": {"name": "Realme 12 p"}, "secrets": [], "seq": 15}}, "sequence": 32}
{"executionId": "6df40824-e0af-4fc7-87ba-310eeddc2fbf", "createdAt": "2024-03-30T18:00:15.245380Z", "event": "form-message", "payload": {"messageType": "form:update-page", "messagePayload": {"widgets": [{"type": "text-output", "text": "\ud83c\udf89 Welcome, Raj!", "size": "medium", "fullWidth": false}, {"type": "text-input", "key": "name", "label": "\ud83d\udca1 Please enter a product name", "value": "Realme 12 p", "placeholder": "", "required": true, "hint": null, "fullWidth": false, "mask": null, "disabled": false, "errors": []}], "validation": {"status": true, "message": ""}, "seq": 15}}, "sequence": 33}
{"executionId": "6df40824-e0af-4fc7-87ba-310eeddc2fbf", "createdAt": "2024-03-30T18:00:15.823693Z", "event": "form-message", "payload": {"messageType": "form:user-event", "messagePayload": {"type": "form:user-event", "payload": {"name": "Realme 12 pr"}, "secrets": [], "seq": 16}}, "sequence": 34}
{"executionId": "6df40824-e0af-4fc7-87ba-310eeddc2fbf", "createdAt": "2024-03-30T18:00:15.824239Z", "event": "form-message", "payload": {"messageType": "form:update-page", "messagePayload": {"widgets": [{"type": "text-output", "text": "\ud83c\udf89 Welcome, Raj!", "size": "medium", "fullWidth": false}, {"type": "text-input", "key": "name", "label": "\ud83d\udca1 Please enter a product name", "value": "Realme 12 pr", "placeholder": "", "required": true, "hint": null, "fullWidth": false, "mask": null, "disabled": false, "errors": []}], "validation": {"status": true, "message": ""}, "seq": 16}}, "sequence": 35}
{"executionId": "6df40824-e0af-4fc7-87ba-310eeddc2fbf", "createdAt": "2024-03-30T18:00:15.913785Z", "event": "form-message", "payload": {"messageType": "form:user-event", "messagePayload": {"type": "form:user-event", "payload": {"name": "Realme 12 pro"}, "secrets": [], "seq": 17}}, "sequence": 36}
{"executionId": "6df40824-e0af-4fc7-87ba-310eeddc2fbf", "createdAt": "2024-03-30T18:00:15.914578Z", "event": "form-message", "payload": {"messageType": "form:update-page", "messagePayload": {"widgets": [{"type": "text-output", "text": "\ud83c\udf89 Welcome, Raj!", "size": "medium", "fullWidth": false}, {"type": "text-input", "key": "name", "label": "\ud83d\udca1 Please enter a product name", "value": "Realme 12 pro", "placeholder": "", "required": true, "hint": null, "fullWidth": false, "mask": null, "disabled": false, "errors": []}], "validation": {"status": true, "message": ""}, "seq": 17}}, "sequence": 37}
{"executionId": "6df40824-e0af-4fc7-87ba-310eeddc2fbf", "createdAt": "2024-03-30T18:00:16.932458Z", "event": "form-message", "payload": {"messageType": "form:page-response", "messagePayload": {"type": "form:page-response", "payload": {"name": "Realme 12 pro"}, "action": "Next", "seq": 18}}, "sequence": 38}
{"executionId": "6df40824-e0af-4fc7-87ba-310eeddc2fbf", "createdAt": "2024-03-30T18:00:18.072972Z", "event": "form-message", "payload": {"messageType": "execution:stdout", "messagePayload": {"log": "\nSearching in amazon..."}}, "sequence": 39}
{"executionId": "6df40824-e0af-4fc7-87ba-310eeddc2fbf", "createdAt": "2024-03-30T18:00:18.079864Z", "event": "stdout", "payload": {"text": "\nSearching in amazon..."}, "sequence": 40}
{"executionId": "6df40824-e0af-4fc7-87ba-310eeddc2fbf", "createdAt": "2024-03-30T18:00:18.080171Z", "event": "form-message", "payload": {"messageType": "execution:stdout", "messagePayload": {"log": "\n"}}, "sequence": 41}
{"executionId": "6df40824-e0af-4fc7-87ba-310eeddc2fbf", "createdAt": "2024-03-30T18:00:18.085977Z", "event": "stdout", "payload": {"text": "\n"}, "sequence": 42}
{"executionId": "6df40824-e0af-4fc7-87ba-310eeddc2fbf", "createdAt": "2024-03-30T18:00:18.290979Z", "event": "form-message", "payload": {"messageType": "execution:stdout", "messagePayload": {"log": "Amazon:"}}, "sequence": 43}
{"executionId": "6df40824-e0af-4fc7-87ba-310eeddc2fbf", "createdAt": "2024-03-30T18:00:18.335095Z", "event": "stdout", "payload": {"text": "Amazon:"}, "sequence": 44}
{"executionId": "6df40824-e0af-4fc7-87ba-310eeddc2fbf", "createdAt": "2024-03-30T18:00:18.335630Z", "event": "form-message", "payload": {"messageType": "execution:stdout", "messagePayload": {"log": "\n"}}, "sequence": 45}
{"executionId": "6df40824-e0af-4fc7-87ba-310eeddc2fbf", "createdAt": "2024-03-30T18:00:18.379508Z", "event": "stdout", "payload": {"text": "\n"}, "sequence": 46}
{"executionId": "6df40824-e0af-4fc7-87ba-310eeddc2fbf", "createdAt": "2024-03-30T18:00:18.379835Z", "event": "form-message", "payload": {"messageType": "execution:stdout", "messagePayload": {"log": "realme 12 Pro 5G (Submarine Blue, 8GB RAM 256 GB Storage)"}}, "sequence": 47}
{"executionId": "6df40824-e0af-4fc7-87ba-310eeddc2fbf", "createdAt": "2024-03-30T18:00:18.424540Z", "event": "stdout", "payload": {"text": "realme 12 Pro 5G (Submarine Blue, 8GB RAM 256 GB Storage)"}, "sequence": 48}
{"executionId": "6df40824-e0af-4fc7-87ba-310eeddc2fbf", "createdAt": "2024-03-30T18:00:18.425058Z", "event": "form-message", "payload": {"messageType": "execution:stdout", "messagePayload": {"log": "\n"}}, "sequence": 49}
{"executionId": "6df40824-e0af-4fc7-87ba-310eeddc2fbf", "createdAt": "2024-03-30T18:00:18.468946Z", "event": "stdout", "payload": {"text": "\n"}, "sequence": 50}
{"executionId": "6df40824-e0af-4fc7-87ba-310eeddc2fbf", "createdAt": "2024-03-30T18:00:18.469249Z", "event": "form-message", "payload": {"messageType": "execution:stdout", "messagePayload": {"log": "\u20b924,180"}}, "sequence": 51}
{"executionId": "6df40824-e0af-4fc7-87ba-310eeddc2fbf", "createdAt": "2024-03-30T18:00:18.513684Z", "event": "stdout", "payload": {"text": "\u20b924,180"}, "sequence": 52}
{"executionId": "6df40824-e0af-4fc7-87ba-310eeddc2fbf", "createdAt": "2024-03-30T18:00:18.513990Z", "event": "form-message", "payload": {"messageType": "execution:stdout", "messagePayload": {"log": "\n"}}, "sequence": 53}
{"executionId": "6df40824-e0af-4fc7-87ba-310eeddc2fbf", "createdAt": "2024-03-30T18:00:18.572093Z", "event": "stdout", "payload": {"text": "\n"}, "sequence": 54}
{"executionId": "6df40824-e0af-4fc7-87ba-310eeddc2fbf", "createdAt": "2024-03-30T18:00:18.572511Z", "event": "form-message", "payload": {"messageType": "execution:stdout", "messagePayload": {"log": "---------------------------------"}}, "sequence": 55}
{"executionId": "6df40824-e0af-4fc7-87ba-310eeddc2fbf", "createdAt": "2024-03-30T18:00:18.618212Z", "event": "stdout", "payload": {"text": "---------------------------------"}, "sequence": 56}
{"executionId": "6df40824-e0af-4fc7-87ba-310eeddc2fbf", "createdAt": "2024-03-30T18:00:18.618473Z", "event": "form-message", "payload": {"messageType": "execution:stdout", "messagePayload": {"log": "\n"}}, "sequence": 57}
{"executionId": "6df40824-e0af-4fc7-87ba-310eeddc2fbf", "createdAt": "2024-03-30T18:00:18.663309Z", "event": "stdout", "payload": {"text": "\n"}, "sequence": 58}
{"executionId": "6df40824-e0af-4fc7-87ba-310eeddc2fbf", "createdAt": "2024-03-30T18:00:19.230473Z", "event": "form-message", "payload": {"messageType": "execution:stdout", "messagePayload": {"log": "\nSearching in flipkart...."}}, "sequence": 59}
{"executionId": "6df40824-e0af-4fc7-87ba-310eeddc2fbf", "createdAt": "2024-03-30T18:00:19.242672Z", "event": "stdout", "payload": {"text": "\nSearching in flipkart...."}, "sequence": 60}
{"executionId": "6df40824-e0af-4fc7-87ba-310eeddc2fbf", "createdAt": "2024-03-30T18:00:19.243116Z", "event": "form-message", "payload": {"messageType": "execution:stdout", "messagePayload": {"log": "\n"}}, "sequence": 61}
{"executionId": "6df40824-e0af-4fc7-87ba-310eeddc2fbf", "createdAt": "2024-03-30T18:00:19.253796Z", "event": "stdout", "payload": {"text": "\n"}, "sequence": 62}
{"executionId": "6df40824-e0af-4fc7-87ba-310eeddc2fbf", "createdAt": "2024-03-30T18:00:19.320082Z", "event": "form-message", "payload": {"messageType": "execution:stdout", "messagePayload": {"log": "Flipkart:"}}, "sequence": 63}
{"executionId": "6df40824-e0af-4fc7-87ba-310eeddc2fbf", "createdAt": "2024-03-30T18:00:19.335074Z", "event": "stdout", "payload": {"text": "Flipkart:"}, "sequence": 64}
{"executionId": "6df40824-e0af-4fc7-87ba-310eeddc2fbf", "createdAt": "2024-03-30T18:00:19.335189Z", "event": "form-message", "payload": {"messageType": "execution:stdout", "messagePayload": {"log": "\n"}}, "sequence": 65}
{"executionId": "6df40824-e0af-4fc7-87ba-310eeddc2fbf", "createdAt": "2024-03-30T18:00:19.349572Z", "event": "stdout", "payload": {"text": "\n"}, "sequence": 66}
{"executionId": "6df40824-e0af-4fc7-87ba-310eeddc2fbf", "createdAt": "2024-03-30T18:00:19.349703Z", "event": "form-message", "payload": {"messageType": "execution:stdout", "messagePayload": {"log": "realme 12 Pro 5G (Navigator Beige, 128 GB)"}}, "sequence": 67}
{"executionId": "6df40824-e0af-4fc7-87ba-310eeddc2fbf", "createdAt": "2024-03-30T18:00:19.364380Z", "event": "stdout", "payload": {"text": "realme 12 Pro 5G (Navigator Beige, 128 GB)"}, "sequence": 68}
{"executionId": "6df40824-e0af-4fc7-87ba-310eeddc2fbf", "createdAt": "2024-03-30T18:00:19.364559Z", "event": "form-message", "payload": {"messageType": "execution:stdout", "messagePayload": {"log": "\n"}}, "sequence": 69}
{"executionId": "6df40824-e0af-4fc7-87ba-310eeddc2fbf", "createdAt": "2024-03-30T18:00:19.379235Z", "event": "stdout", "payload": {"text": "\n"}, "sequence": 70}
{"executionId": "6df40824-e0af-4fc7-87ba-310eeddc2fbf", "createdAt": "2024-03-30T18:00:19.379369Z", "event": "form-message", "payload": {"messageType": "execution:stdout", "messagePayload": {"log": "\u20b924,999"}}, "sequence": 71}
{"executionId": "6df40824-e0af-4fc7-87ba-310eeddc2fbf", "createdAt": "2024-03-30T18:00:19.393798Z", "event": "stdout", "payload": {"text": "\u20b924,999"}, "sequence": 72}
{"executionId": "6df40824-e0af-4fc7-87ba-310eeddc2fbf", "createdAt": "2024-03-30T18:00:19.393905Z", "event": "form-message", "payload": {"messageType": "execution:stdout", "messagePayload": {"log": "\n"}}, "sequence": 73}
{"executionId": "6df40824-e0af-4fc7-87ba-310eeddc2fbf", "createdAt": "2024-03-30T18:00:19.408376Z", "event": "stdout", "payload": {"text": "\n"}, "sequence": 74}
{"executionId": "6df40824-e0af-4fc7-87ba-310eeddc2fbf", "createdAt": "2024-03-30T18:00:19.408500Z", "event": "form-message", "payload": {"messageType": "execution:stdout", "messagePayload": {"log": "---------------------------------"}}, "sequence": 75}
{"executionId": "6df40824-e0af-4fc7-87ba-310eeddc2fbf", "createdAt": "2024-03-30T18:00:19.423016Z", "event": "stdout", "payload": {"text": "---------------------------------"}, "sequence": 76}
{"executionId": "6df40824-e0af-4fc7-87ba-310eeddc2fbf", "createdAt": "2024-03-30T18:00:19.423138Z", "event": "form-message", "payload": {"messageType": "execution:stdout", "messagePayload": {"log": "\n"}}, "sequence": 77}
{"executionId": "6df40824-e0af-4fc7-87ba-310eeddc2fbf", "createdAt": "2024-03-30T18:00:19.437462Z", "event": "stdout", "payload": {"text": "\n"}, "sequence": 78}
{"executionId": "6df40824-e0af-4fc7-87ba-310eeddc2fbf", "createdAt": "2024-03-30T18:00:19.438358Z", "event": "form-message", "payload": {"messageType": "form:mount-page", "messagePayload": {"widgets": [{"type": "text-output", "text": "\ud83d\ude80 Below is the price comparison:", "size": "medium", "fullWidth": false}, {"type": "text-output", "text": "Amazon price: 24,180", "size": "medium", "fullWidth": false}, {"type": "image-output", "imageUrl": "https://m.media-amazon.com/images/I/81QvAGRjTAL._AC_UY218_.jpg", "subtitle": "", "fullWidth": false, "label": ""}, {"type": "text-output", "text": "Flipkart price: \u20b924,999", "size": "medium", "fullWidth": false}], "actions": ["i18n_next_action"], "endProgram": false, "reactivePollingInterval": 0, "steps": null}}, "sequence": 79}
{"executionId": "6df40824-e0af-4fc7-87ba-310eeddc2fbf", "createdAt": "2024-03-30T18:00:44.982761Z", "event": "form-message", "payload": {"messageType": "connection-closed", "messagePayload": {"message": "[ERROR] Unhandled connection closed with code 4000: FORM_EDITOR_RESTART\n", "reason": 4000}}, "sequence": 80}
{"executionId": "6df40824-e0af-4fc7-87ba-310eeddc2fbf", "createdAt": "2024-03-30T18:00:44.984681Z", "event": "unhandled-exception", "payload": {"text": "Traceback (most recent call last):\n  File \"/Users/raj/nanu-project/.venv/lib/python3.10/site-packages/abstra_internals/execution/form_execution.py\", line 112, in recv\n    str_data = self._connection.receive()\n  File \"/Users/raj/nanu-project/.venv/lib/python3.10/site-packages/simple_websocket/ws.py\", line 104, in receive\n    raise ConnectionClosed(self.close_reason, self.close_message)\nsimple_websocket.errors.ConnectionClosed: Connection closed: 4000 FORM_EDITOR_RESTART\n\nDuring handling of the above exception, another exception occurred:\n\nTraceback (most recent call last):\n  File \"/Users/raj/nanu-project/.venv/lib/python3.10/site-packages/abstra_internals/execution/execution.py\", line 236, in run\n    import_as_new(self.stage.file)\n  File \"/Users/raj/nanu-project/.venv/lib/python3.10/site-packages/abstra_internals/modules.py\", line 21, in import_as_new\n    module_spec.loader.exec_module(module)\n  File \"<frozen importlib._bootstrap_external>\", line 883, in exec_module\n  File \"<frozen importlib._bootstrap>\", line 241, in _call_with_frames_removed\n  File \"/Users/raj/nanu-project/product_name.py\", line 24, in <module>\n    af.Page().display(\"\ud83d\ude80 Below is the price comparison:\").display(f\"Amazon price: {amazon_price}\").display_image(amazon_image, full_width=False).display(f\"Flipkart price: {flipkart_price}\").run()\n  File \"/Users/raj/nanu-project/.venv/lib/python3.10/site-packages/abstra_internals/interface/sdk/forms/page.py\", line 104, in run\n    response: Dict = self.__handle_page_user_events(validate_func=validate)\n  File \"/Users/raj/nanu-project/.venv/lib/python3.10/site-packages/abstra_internals/interface/sdk/forms/page.py\", line 113, in __handle_page_user_events\n    response = receive()\n  File \"/Users/raj/nanu-project/.venv/lib/python3.10/site-packages/abstra_internals/interface/sdk/forms/connection.py\", line 12, in receive\n    return execution.receive()\n  File \"/Users/raj/nanu-project/.venv/lib/python3.10/site-packages/abstra_internals/execution/form_execution.py\", line 140, in receive\n    type, data = self.recv()\n  File \"/Users/raj/nanu-project/.venv/lib/python3.10/site-packages/abstra_internals/execution/form_execution.py\", line 114, in recv\n    self.close()\n  File \"/Users/raj/nanu-project/.venv/lib/python3.10/site-packages/abstra_internals/execution/form_execution.py\", line 123, in close\n    self._connection.close(message=reason)\n  File \"/Users/raj/nanu-project/.venv/lib/python3.10/site-packages/simple_websocket/ws.py\", line 115, in close\n    raise ConnectionClosed(self.close_reason, self.close_message)\nsimple_websocket.errors.ConnectionClosed: Connection closed: 4000 FORM_EDITOR_RESTART\n"}, "sequence": 81}
{"executionId": "6df40824-e0af-4fc7-87ba-310eeddc2fbf", "createdAt": "2024-03-30T18:00:44.985264Z", "event": "form-message", "payload": {"messageType": "execution:stderr", "messagePayload": {"log": "Traceback (most recent call last):\n  File \"/Users/raj/nanu-project/.venv/lib/python3.10/site-packages/abstra_internals/execution/form_execution.py\", line 112, in recv\n    str_data = self._connection.receive()\n  File \"/Users/raj/nanu-project/.venv/lib/python3.10/site-packages/simple_websocket/ws.py\", line 104, in receive\n    raise ConnectionClosed(self.close_reason, self.close_message)\nsimple_websocket.errors.ConnectionClosed: Connection closed: 4000 FORM_EDITOR_RESTART\n\nDuring handling of the above exception, another exception occurred:\n\nTraceback (most recent call last):\n  File \"/Users/raj/nanu-project/.venv/lib/python3.10/site-packages/abstra_internals/execution/execution.py\", line 236, in run\n    import_as_new(self.stage.file)\n  File \"/Users/raj/nanu-project/.venv/lib/python3.10/site-packages/abstra_internals/modules.py\", line 21, in import_as_new\n    module_spec.loader.exec_module(module)\n  File \"<frozen importlib._bootstrap_external>\", line 883, in exec_module\n  File \"<frozen importlib._bootstrap>\", line 241, in _call_with_frames_removed\n  File \"/Users/raj/nanu-project/product_name.py\", line 24, in <module>\n    af.Page().display(\"\ud83d\ude80 Below is the price comparison:\").display(f\"Amazon price: {amazon_price}\").display_image(amazon_image, full_width=False).display(f\"Flipkart price: {flipkart_price}\").run()\n  File \"/Users/raj/nanu-project/.venv/lib/python3.10/site-packages/abstra_internals/interface/sdk/forms/page.py\", line 104, in run\n    response: Dict = self.__handle_page_user_events(validate_func=validate)\n  File \"/Users/raj/nanu-project/.venv/lib/python3.10/site-packages/abstra_internals/interface/sdk/forms/page.py\", line 113, in __handle_page_user_events\n    response = receive()\n  File \"/Users/raj/nanu-project/.venv/lib/python3.10/site-packages/abstra_internals/interface/sdk/forms/connection.py\", line 12, in receive\n    return execution.receive()\n  File \"/Users/raj/nanu-project/.venv/lib/python3.10/site-packages/abstra_internals/execution/form_execution.py\", line 140, in receive\n    type, data = self.recv()\n  File \"/Users/raj/nanu-project/.venv/lib/python3.10/site-packages/abstra_internals/execution/form_execution.py\", line 114, in recv\n    self.close()\n  File \"/Users/raj/nanu-project/.venv/lib/python3.10/site-packages/abstra_internals/execution/form_execution.py\", line 123, in close\n    self._connection.close(message=reason)\n  File \"/Users/raj/nanu-project/.venv/lib/python3.10/site-packages/simple_websocket/ws.py\", line 115, in close\n    raise ConnectionClosed(self.close_reason, self.close_message)\nsimple_websocket.errors.ConnectionClosed: Connection closed: 4000 FORM_EDITOR_RESTART\n"}}, "sequence": 82}
