{"executionId": "8c5709d2-e45d-401c-ad22-40f0124179af", "createdAt": "2024-03-30T18:04:45.192950Z", "event": "form-message", "payload": {"messageType": "execution:start", "messagePayload": {"type": "execution:start", "params": {}}}, "sequence": 1}
{"executionId": "8c5709d2-e45d-401c-ad22-40f0124179af", "createdAt": "2024-03-30T18:04:45.193937Z", "event": "form-message", "payload": {"messageType": "execution:started", "messagePayload": {"executionId": "8c5709d2-e45d-401c-ad22-40f0124179af"}}, "sequence": 2}
{"executionId": "8c5709d2-e45d-401c-ad22-40f0124179af", "createdAt": "2024-03-30T18:04:45.197583Z", "event": "form-message", "payload": {"messageType": "form:mount-page", "messagePayload": {"widgets": [{"type": "text-input", "key": "\ud83d\udc4b Hello there! What is your name?", "label": "\ud83d\udc4b Hello there! What is your name?", "value": "", "placeholder": "", "required": true, "hint": null, "fullWidth": false, "mask": null, "disabled": false, "errors": []}], "actions": ["i18n_next_action"], "endProgram": false, "reactivePollingInterval": 0, "steps": null}}, "sequence": 3}
{"executionId": "8c5709d2-e45d-401c-ad22-40f0124179af", "createdAt": "2024-03-30T18:04:46.510143Z", "event": "form-message", "payload": {"messageType": "form:user-event", "messagePayload": {"type": "form:user-event", "payload": {"\ud83d\udc4b Hello there! What is your name?": "R"}, "secrets": [], "seq": 1}}, "sequence": 4}
{"executionId": "8c5709d2-e45d-401c-ad22-40f0124179af", "createdAt": "2024-03-30T18:04:46.510703Z", "event": "form-message", "payload": {"messageType": "form:update-page", "messagePayload": {"widgets": [{"type": "text-input", "key": "\ud83d\udc4b Hello there! What is your name?", "label": "\ud83d\udc4b Hello there! What is your name?", "value": "R", "placeholder": "", "required": true, "hint": null, "fullWidth": false, "mask": null, "disabled": false, "errors": []}], "validation": {"status": true, "message": ""}, "seq": 1}}, "sequence": 5}
{"executionId": "8c5709d2-e45d-401c-ad22-40f0124179af", "createdAt": "2024-03-30T18:04:46.696379Z", "event": "form-message", "payload": {"messageType": "form:user-event", "messagePayload": {"type": "form:user-event", "payload": {"\ud83d\udc4b Hello there! What is your name?": "Ra"}, "secrets": [], "seq": 2}}, "sequence": 6}
{"executionId": "8c5709d2-e45d-401c-ad22-40f0124179af", "createdAt": "2024-03-30T18:04:46.697092Z", "event": "form-message", "payload": {"messageType": "form:update-page", "messagePayload": {"widgets": [{"type": "text-input", "key": "\ud83d\udc4b Hello there! What is your name?", "label": "\ud83d\udc4b Hello there! What is your name?", "value": "Ra", "placeholder": "", "required": true, "hint": null, "fullWidth": false, "mask": null, "disabled": false, "errors": []}], "validation": {"status": true, "message": ""}, "seq": 2}}, "sequence": 7}
{"executionId": "8c5709d2-e45d-401c-ad22-40f0124179af", "createdAt": "2024-03-30T18:04:46.788045Z", "event": "form-message", "payload": {"messageType": "form:user-event", "messagePayload": {"type": "form:user-event", "payload": {"\ud83d\udc4b Hello there! What is your name?": "Raj"}, "secrets": [], "seq": 3}}, "sequence": 8}
{"executionId": "8c5709d2-e45d-401c-ad22-40f0124179af", "createdAt": "2024-03-30T18:04:46.788762Z", "event": "form-message", "payload": {"messageType": "form:update-page", "messagePayload": {"widgets": [{"type": "text-input", "key": "\ud83d\udc4b Hello there! What is your name?", "label": "\ud83d\udc4b Hello there! What is your name?", "value": "Raj", "placeholder": "", "required": true, "hint": null, "fullWidth": false, "mask": null, "disabled": false, "errors": []}], "validation": {"status": true, "message": ""}, "seq": 3}}, "sequence": 9}
{"executionId": "8c5709d2-e45d-401c-ad22-40f0124179af", "createdAt": "2024-03-30T18:04:47.860435Z", "event": "form-message", "payload": {"messageType": "form:page-response", "messagePayload": {"type": "form:page-response", "payload": {"\ud83d\udc4b Hello there! What is your name?": "Raj"}, "action": "i18n_next_action", "seq": 4}}, "sequence": 10}
{"executionId": "8c5709d2-e45d-401c-ad22-40f0124179af", "createdAt": "2024-03-30T18:04:47.861675Z", "event": "form-message", "payload": {"messageType": "form:mount-page", "messagePayload": {"widgets": [{"type": "text-output", "text": "\ud83c\udf89 Welcome, Raj!", "size": "medium", "fullWidth": false}, {"type": "text-input", "key": "name", "label": "\ud83d\udca1 Please enter a product name", "value": "", "placeholder": "", "required": true, "hint": null, "fullWidth": false, "mask": null, "disabled": false, "errors": []}], "actions": ["Next"], "endProgram": false, "reactivePollingInterval": 0, "steps": null}}, "sequence": 11}
{"executionId": "8c5709d2-e45d-401c-ad22-40f0124179af", "createdAt": "2024-03-30T18:04:49.056475Z", "event": "form-message", "payload": {"messageType": "form:user-event", "messagePayload": {"type": "form:user-event", "payload": {"name": "r"}, "secrets": [], "seq": 5}}, "sequence": 12}
{"executionId": "8c5709d2-e45d-401c-ad22-40f0124179af", "createdAt": "2024-03-30T18:04:49.056928Z", "event": "form-message", "payload": {"messageType": "form:update-page", "messagePayload": {"widgets": [{"type": "text-output", "text": "\ud83c\udf89 Welcome, Raj!", "size": "medium", "fullWidth": false}, {"type": "text-input", "key": "name", "label": "\ud83d\udca1 Please enter a product name", "value": "r", "placeholder": "", "required": true, "hint": null, "fullWidth": false, "mask": null, "disabled": false, "errors": []}], "validation": {"status": true, "message": ""}, "seq": 5}}, "sequence": 13}
{"executionId": "8c5709d2-e45d-401c-ad22-40f0124179af", "createdAt": "2024-03-30T18:04:49.225029Z", "event": "form-message", "payload": {"messageType": "form:user-event", "messagePayload": {"type": "form:user-event", "payload": {"name": "re"}, "secrets": [], "seq": 6}}, "sequence": 14}
{"executionId": "8c5709d2-e45d-401c-ad22-40f0124179af", "createdAt": "2024-03-30T18:04:49.225585Z", "event": "form-message", "payload": {"messageType": "form:update-page", "messagePayload": {"widgets": [{"type": "text-output", "text": "\ud83c\udf89 Welcome, Raj!", "size": "medium", "fullWidth": false}, {"type": "text-input", "key": "name", "label": "\ud83d\udca1 Please enter a product name", "value": "re", "placeholder": "", "required": true, "hint": null, "fullWidth": false, "mask": null, "disabled": false, "errors": []}], "validation": {"status": true, "message": ""}, "seq": 6}}, "sequence": 15}
{"executionId": "8c5709d2-e45d-401c-ad22-40f0124179af", "createdAt": "2024-03-30T18:04:49.285056Z", "event": "form-message", "payload": {"messageType": "form:user-event", "messagePayload": {"type": "form:user-event", "payload": {"name": "rea"}, "secrets": [], "seq": 7}}, "sequence": 16}
{"executionId": "8c5709d2-e45d-401c-ad22-40f0124179af", "createdAt": "2024-03-30T18:04:49.285269Z", "event": "form-message", "payload": {"messageType": "form:update-page", "messagePayload": {"widgets": [{"type": "text-output", "text": "\ud83c\udf89 Welcome, Raj!", "size": "medium", "fullWidth": false}, {"type": "text-input", "key": "name", "label": "\ud83d\udca1 Please enter a product name", "value": "rea", "placeholder": "", "required": true, "hint": null, "fullWidth": false, "mask": null, "disabled": false, "errors": []}], "validation": {"status": true, "message": ""}, "seq": 7}}, "sequence": 17}
{"executionId": "8c5709d2-e45d-401c-ad22-40f0124179af", "createdAt": "2024-03-30T18:04:49.422608Z", "event": "form-message", "payload": {"messageType": "form:user-event", "messagePayload": {"type": "form:user-event", "payload": {"name": "real"}, "secrets": [], "seq": 8}}, "sequence": 18}
{"executionId": "8c5709d2-e45d-401c-ad22-40f0124179af", "createdAt": "2024-03-30T18:04:49.422762Z", "event": "form-message", "payload": {"messageType": "form:update-page", "messagePayload": {"widgets": [{"type": "text-output", "text": "\ud83c\udf89 Welcome, Raj!", "size": "medium", "fullWidth": false}, {"type": "text-input", "key": "name", "label": "\ud83d\udca1 Please enter a product name", "value": "real", "placeholder": "", "required": true, "hint": null, "fullWidth": false, "mask": null, "disabled": false, "errors": []}], "validation": {"status": true, "message": ""}, "seq": 8}}, "sequence": 19}
{"executionId": "8c5709d2-e45d-401c-ad22-40f0124179af", "createdAt": "2024-03-30T18:04:49.646188Z", "event": "form-message", "payload": {"messageType": "form:user-event", "messagePayload": {"type": "form:user-event", "payload": {"name": "realm"}, "secrets": [], "seq": 9}}, "sequence": 20}
{"executionId": "8c5709d2-e45d-401c-ad22-40f0124179af", "createdAt": "2024-03-30T18:04:49.646931Z", "event": "form-message", "payload": {"messageType": "form:update-page", "messagePayload": {"widgets": [{"type": "text-output", "text": "\ud83c\udf89 Welcome, Raj!", "size": "medium", "fullWidth": false}, {"type": "text-input", "key": "name", "label": "\ud83d\udca1 Please enter a product name", "value": "realm", "placeholder": "", "required": true, "hint": null, "fullWidth": false, "mask": null, "disabled": false, "errors": []}], "validation": {"status": true, "message": ""}, "seq": 9}}, "sequence": 21}
{"executionId": "8c5709d2-e45d-401c-ad22-40f0124179af", "createdAt": "2024-03-30T18:04:49.757094Z", "event": "form-message", "payload": {"messageType": "form:user-event", "messagePayload": {"type": "form:user-event", "payload": {"name": "realme"}, "secrets": [], "seq": 10}}, "sequence": 22}
{"executionId": "8c5709d2-e45d-401c-ad22-40f0124179af", "createdAt": "2024-03-30T18:04:49.757593Z", "event": "form-message", "payload": {"messageType": "form:update-page", "messagePayload": {"widgets": [{"type": "text-output", "text": "\ud83c\udf89 Welcome, Raj!", "size": "medium", "fullWidth": false}, {"type": "text-input", "key": "name", "label": "\ud83d\udca1 Please enter a product name", "value": "realme", "placeholder": "", "required": true, "hint": null, "fullWidth": false, "mask": null, "disabled": false, "errors": []}], "validation": {"status": true, "message": ""}, "seq": 10}}, "sequence": 23}
{"executionId": "8c5709d2-e45d-401c-ad22-40f0124179af", "createdAt": "2024-03-30T18:04:49.843079Z", "event": "form-message", "payload": {"messageType": "form:user-event", "messagePayload": {"type": "form:user-event", "payload": {"name": "realme "}, "secrets": [], "seq": 11}}, "sequence": 24}
{"executionId": "8c5709d2-e45d-401c-ad22-40f0124179af", "createdAt": "2024-03-30T18:04:49.843684Z", "event": "form-message", "payload": {"messageType": "form:update-page", "messagePayload": {"widgets": [{"type": "text-output", "text": "\ud83c\udf89 Welcome, Raj!", "size": "medium", "fullWidth": false}, {"type": "text-input", "key": "name", "label": "\ud83d\udca1 Please enter a product name", "value": "realme ", "placeholder": "", "required": true, "hint": null, "fullWidth": false, "mask": null, "disabled": false, "errors": []}], "validation": {"status": true, "message": ""}, "seq": 11}}, "sequence": 25}
{"executionId": "8c5709d2-e45d-401c-ad22-40f0124179af", "createdAt": "2024-03-30T18:04:50.047319Z", "event": "form-message", "payload": {"messageType": "form:user-event", "messagePayload": {"type": "form:user-event", "payload": {"name": "realme 1"}, "secrets": [], "seq": 12}}, "sequence": 26}
{"executionId": "8c5709d2-e45d-401c-ad22-40f0124179af", "createdAt": "2024-03-30T18:04:50.047755Z", "event": "form-message", "payload": {"messageType": "form:update-page", "messagePayload": {"widgets": [{"type": "text-output", "text": "\ud83c\udf89 Welcome, Raj!", "size": "medium", "fullWidth": false}, {"type": "text-input", "key": "name", "label": "\ud83d\udca1 Please enter a product name", "value": "realme 1", "placeholder": "", "required": true, "hint": null, "fullWidth": false, "mask": null, "disabled": false, "errors": []}], "validation": {"status": true, "message": ""}, "seq": 12}}, "sequence": 27}
{"executionId": "8c5709d2-e45d-401c-ad22-40f0124179af", "createdAt": "2024-03-30T18:04:50.239700Z", "event": "form-message", "payload": {"messageType": "form:user-event", "messagePayload": {"type": "form:user-event", "payload": {"name": "realme 12"}, "secrets": [], "seq": 13}}, "sequence": 28}
{"executionId": "8c5709d2-e45d-401c-ad22-40f0124179af", "createdAt": "2024-03-30T18:04:50.240315Z", "event": "form-message", "payload": {"messageType": "form:update-page", "messagePayload": {"widgets": [{"type": "text-output", "text": "\ud83c\udf89 Welcome, Raj!", "size": "medium", "fullWidth": false}, {"type": "text-input", "key": "name", "label": "\ud83d\udca1 Please enter a product name", "value": "realme 12", "placeholder": "", "required": true, "hint": null, "fullWidth": false, "mask": null, "disabled": false, "errors": []}], "validation": {"status": true, "message": ""}, "seq": 13}}, "sequence": 29}
{"executionId": "8c5709d2-e45d-401c-ad22-40f0124179af", "createdAt": "2024-03-30T18:04:50.306173Z", "event": "form-message", "payload": {"messageType": "form:user-event", "messagePayload": {"type": "form:user-event", "payload": {"name": "realme 12 "}, "secrets": [], "seq": 14}}, "sequence": 30}
{"executionId": "8c5709d2-e45d-401c-ad22-40f0124179af", "createdAt": "2024-03-30T18:04:50.306823Z", "event": "form-message", "payload": {"messageType": "form:update-page", "messagePayload": {"widgets": [{"type": "text-output", "text": "\ud83c\udf89 Welcome, Raj!", "size": "medium", "fullWidth": false}, {"type": "text-input", "key": "name", "label": "\ud83d\udca1 Please enter a product name", "value": "realme 12 ", "placeholder": "", "required": true, "hint": null, "fullWidth": false, "mask": null, "disabled": false, "errors": []}], "validation": {"status": true, "message": ""}, "seq": 14}}, "sequence": 31}
{"executionId": "8c5709d2-e45d-401c-ad22-40f0124179af", "createdAt": "2024-03-30T18:04:50.570524Z", "event": "form-message", "payload": {"messageType": "form:user-event", "messagePayload": {"type": "form:user-event", "payload": {"name": "realme 12 p"}, "secrets": [], "seq": 15}}, "sequence": 32}
{"executionId": "8c5709d2-e45d-401c-ad22-40f0124179af", "createdAt": "2024-03-30T18:04:50.570726Z", "event": "form-message", "payload": {"messageType": "form:update-page", "messagePayload": {"widgets": [{"type": "text-output", "text": "\ud83c\udf89 Welcome, Raj!", "size": "medium", "fullWidth": false}, {"type": "text-input", "key": "name", "label": "\ud83d\udca1 Please enter a product name", "value": "realme 12 p", "placeholder": "", "required": true, "hint": null, "fullWidth": false, "mask": null, "disabled": false, "errors": []}], "validation": {"status": true, "message": ""}, "seq": 15}}, "sequence": 33}
{"executionId": "8c5709d2-e45d-401c-ad22-40f0124179af", "createdAt": "2024-03-30T18:04:50.757532Z", "event": "form-message", "payload": {"messageType": "form:user-event", "messagePayload": {"type": "form:user-event", "payload": {"name": "realme 12 pr"}, "secrets": [], "seq": 16}}, "sequence": 34}
{"executionId": "8c5709d2-e45d-401c-ad22-40f0124179af", "createdAt": "2024-03-30T18:04:50.757966Z", "event": "form-message", "payload": {"messageType": "form:update-page", "messagePayload": {"widgets": [{"type": "text-output", "text": "\ud83c\udf89 Welcome, Raj!", "size": "medium", "fullWidth": false}, {"type": "text-input", "key": "name", "label": "\ud83d\udca1 Please enter a product name", "value": "realme 12 pr", "placeholder": "", "required": true, "hint": null, "fullWidth": false, "mask": null, "disabled": false, "errors": []}], "validation": {"status": true, "message": ""}, "seq": 16}}, "sequence": 35}
{"executionId": "8c5709d2-e45d-401c-ad22-40f0124179af", "createdAt": "2024-03-30T18:04:50.813108Z", "event": "form-message", "payload": {"messageType": "form:user-event", "messagePayload": {"type": "form:user-event", "payload": {"name": "realme 12 pro"}, "secrets": [], "seq": 17}}, "sequence": 36}
{"executionId": "8c5709d2-e45d-401c-ad22-40f0124179af", "createdAt": "2024-03-30T18:04:50.813672Z", "event": "form-message", "payload": {"messageType": "form:update-page", "messagePayload": {"widgets": [{"type": "text-output", "text": "\ud83c\udf89 Welcome, Raj!", "size": "medium", "fullWidth": false}, {"type": "text-input", "key": "name", "label": "\ud83d\udca1 Please enter a product name", "value": "realme 12 pro", "placeholder": "", "required": true, "hint": null, "fullWidth": false, "mask": null, "disabled": false, "errors": []}], "validation": {"status": true, "message": ""}, "seq": 17}}, "sequence": 37}
{"executionId": "8c5709d2-e45d-401c-ad22-40f0124179af", "createdAt": "2024-03-30T18:04:52.402115Z", "event": "form-message", "payload": {"messageType": "form:page-response", "messagePayload": {"type": "form:page-response", "payload": {"name": "realme 12 pro"}, "action": "Next", "seq": 18}}, "sequence": 38}
{"executionId": "8c5709d2-e45d-401c-ad22-40f0124179af", "createdAt": "2024-03-30T18:04:53.795632Z", "event": "form-message", "payload": {"messageType": "execution:stdout", "messagePayload": {"log": "\nSearching in amazon..."}}, "sequence": 39}
{"executionId": "8c5709d2-e45d-401c-ad22-40f0124179af", "createdAt": "2024-03-30T18:04:53.803872Z", "event": "stdout", "payload": {"text": "\nSearching in amazon..."}, "sequence": 40}
{"executionId": "8c5709d2-e45d-401c-ad22-40f0124179af", "createdAt": "2024-03-30T18:04:53.804436Z", "event": "form-message", "payload": {"messageType": "execution:stdout", "messagePayload": {"log": "\n"}}, "sequence": 41}
{"executionId": "8c5709d2-e45d-401c-ad22-40f0124179af", "createdAt": "2024-03-30T18:04:53.812900Z", "event": "stdout", "payload": {"text": "\n"}, "sequence": 42}
{"executionId": "8c5709d2-e45d-401c-ad22-40f0124179af", "createdAt": "2024-03-30T18:04:54.017039Z", "event": "form-message", "payload": {"messageType": "execution:stdout", "messagePayload": {"log": "Amazon:"}}, "sequence": 43}
{"executionId": "8c5709d2-e45d-401c-ad22-40f0124179af", "createdAt": "2024-03-30T18:04:54.062435Z", "event": "stdout", "payload": {"text": "Amazon:"}, "sequence": 44}
{"executionId": "8c5709d2-e45d-401c-ad22-40f0124179af", "createdAt": "2024-03-30T18:04:54.062717Z", "event": "form-message", "payload": {"messageType": "execution:stdout", "messagePayload": {"log": "\n"}}, "sequence": 45}
{"executionId": "8c5709d2-e45d-401c-ad22-40f0124179af", "createdAt": "2024-03-30T18:04:54.106431Z", "event": "stdout", "payload": {"text": "\n"}, "sequence": 46}
{"executionId": "8c5709d2-e45d-401c-ad22-40f0124179af", "createdAt": "2024-03-30T18:04:54.106638Z", "event": "form-message", "payload": {"messageType": "execution:stdout", "messagePayload": {"log": "realme 12 Pro 5G (Submarine Blue, 8GB RAM 256 GB Storage)"}}, "sequence": 47}
{"executionId": "8c5709d2-e45d-401c-ad22-40f0124179af", "createdAt": "2024-03-30T18:04:54.149334Z", "event": "stdout", "payload": {"text": "realme 12 Pro 5G (Submarine Blue, 8GB RAM 256 GB Storage)"}, "sequence": 48}
{"executionId": "8c5709d2-e45d-401c-ad22-40f0124179af", "createdAt": "2024-03-30T18:04:54.149630Z", "event": "form-message", "payload": {"messageType": "execution:stdout", "messagePayload": {"log": "\n"}}, "sequence": 49}
{"executionId": "8c5709d2-e45d-401c-ad22-40f0124179af", "createdAt": "2024-03-30T18:04:54.193379Z", "event": "stdout", "payload": {"text": "\n"}, "sequence": 50}
{"executionId": "8c5709d2-e45d-401c-ad22-40f0124179af", "createdAt": "2024-03-30T18:04:54.193678Z", "event": "form-message", "payload": {"messageType": "execution:stdout", "messagePayload": {"log": "\u20b924,180"}}, "sequence": 51}
{"executionId": "8c5709d2-e45d-401c-ad22-40f0124179af", "createdAt": "2024-03-30T18:04:54.237733Z", "event": "stdout", "payload": {"text": "\u20b924,180"}, "sequence": 52}
{"executionId": "8c5709d2-e45d-401c-ad22-40f0124179af", "createdAt": "2024-03-30T18:04:54.237986Z", "event": "form-message", "payload": {"messageType": "execution:stdout", "messagePayload": {"log": "\n"}}, "sequence": 53}
{"executionId": "8c5709d2-e45d-401c-ad22-40f0124179af", "createdAt": "2024-03-30T18:04:54.281663Z", "event": "stdout", "payload": {"text": "\n"}, "sequence": 54}
{"executionId": "8c5709d2-e45d-401c-ad22-40f0124179af", "createdAt": "2024-03-30T18:04:54.281911Z", "event": "form-message", "payload": {"messageType": "execution:stdout", "messagePayload": {"log": "---------------------------------"}}, "sequence": 55}
{"executionId": "8c5709d2-e45d-401c-ad22-40f0124179af", "createdAt": "2024-03-30T18:04:54.325715Z", "event": "stdout", "payload": {"text": "---------------------------------"}, "sequence": 56}
{"executionId": "8c5709d2-e45d-401c-ad22-40f0124179af", "createdAt": "2024-03-30T18:04:54.326386Z", "event": "form-message", "payload": {"messageType": "execution:stdout", "messagePayload": {"log": "\n"}}, "sequence": 57}
{"executionId": "8c5709d2-e45d-401c-ad22-40f0124179af", "createdAt": "2024-03-30T18:04:54.371452Z", "event": "stdout", "payload": {"text": "\n"}, "sequence": 58}
{"executionId": "8c5709d2-e45d-401c-ad22-40f0124179af", "createdAt": "2024-03-30T18:04:54.845941Z", "event": "form-message", "payload": {"messageType": "execution:stdout", "messagePayload": {"log": "\nSearching in flipkart...."}}, "sequence": 59}
{"executionId": "8c5709d2-e45d-401c-ad22-40f0124179af", "createdAt": "2024-03-30T18:04:54.848609Z", "event": "stdout", "payload": {"text": "\nSearching in flipkart...."}, "sequence": 60}
{"executionId": "8c5709d2-e45d-401c-ad22-40f0124179af", "createdAt": "2024-03-30T18:04:54.848716Z", "event": "form-message", "payload": {"messageType": "execution:stdout", "messagePayload": {"log": "\n"}}, "sequence": 61}
{"executionId": "8c5709d2-e45d-401c-ad22-40f0124179af", "createdAt": "2024-03-30T18:04:54.850562Z", "event": "stdout", "payload": {"text": "\n"}, "sequence": 62}
{"executionId": "8c5709d2-e45d-401c-ad22-40f0124179af", "createdAt": "2024-03-30T18:04:54.910461Z", "event": "form-message", "payload": {"messageType": "execution:stdout", "messagePayload": {"log": "Flipkart:"}}, "sequence": 63}
{"executionId": "8c5709d2-e45d-401c-ad22-40f0124179af", "createdAt": "2024-03-30T18:04:54.925029Z", "event": "stdout", "payload": {"text": "Flipkart:"}, "sequence": 64}
{"executionId": "8c5709d2-e45d-401c-ad22-40f0124179af", "createdAt": "2024-03-30T18:04:54.925129Z", "event": "form-message", "payload": {"messageType": "execution:stdout", "messagePayload": {"log": "\n"}}, "sequence": 65}
{"executionId": "8c5709d2-e45d-401c-ad22-40f0124179af", "createdAt": "2024-03-30T18:04:54.939432Z", "event": "stdout", "payload": {"text": "\n"}, "sequence": 66}
{"executionId": "8c5709d2-e45d-401c-ad22-40f0124179af", "createdAt": "2024-03-30T18:04:54.939627Z", "event": "form-message", "payload": {"messageType": "execution:stdout", "messagePayload": {"log": "realme 12 Pro 5G (Navigator Beige, 128 GB)"}}, "sequence": 67}
{"executionId": "8c5709d2-e45d-401c-ad22-40f0124179af", "createdAt": "2024-03-30T18:04:54.954342Z", "event": "stdout", "payload": {"text": "realme 12 Pro 5G (Navigator Beige, 128 GB)"}, "sequence": 68}
{"executionId": "8c5709d2-e45d-401c-ad22-40f0124179af", "createdAt": "2024-03-30T18:04:54.954563Z", "event": "form-message", "payload": {"messageType": "execution:stdout", "messagePayload": {"log": "\n"}}, "sequence": 69}
{"executionId": "8c5709d2-e45d-401c-ad22-40f0124179af", "createdAt": "2024-03-30T18:04:54.970718Z", "event": "stdout", "payload": {"text": "\n"}, "sequence": 70}
{"executionId": "8c5709d2-e45d-401c-ad22-40f0124179af", "createdAt": "2024-03-30T18:04:54.970915Z", "event": "form-message", "payload": {"messageType": "execution:stdout", "messagePayload": {"log": "\u20b924,999"}}, "sequence": 71}
{"executionId": "8c5709d2-e45d-401c-ad22-40f0124179af", "createdAt": "2024-03-30T18:04:54.985637Z", "event": "stdout", "payload": {"text": "\u20b924,999"}, "sequence": 72}
{"executionId": "8c5709d2-e45d-401c-ad22-40f0124179af", "createdAt": "2024-03-30T18:04:54.985835Z", "event": "form-message", "payload": {"messageType": "execution:stdout", "messagePayload": {"log": "\n"}}, "sequence": 73}
{"executionId": "8c5709d2-e45d-401c-ad22-40f0124179af", "createdAt": "2024-03-30T18:04:55.000632Z", "event": "stdout", "payload": {"text": "\n"}, "sequence": 74}
{"executionId": "8c5709d2-e45d-401c-ad22-40f0124179af", "createdAt": "2024-03-30T18:04:55.000794Z", "event": "form-message", "payload": {"messageType": "execution:stdout", "messagePayload": {"log": "---------------------------------"}}, "sequence": 75}
{"executionId": "8c5709d2-e45d-401c-ad22-40f0124179af", "createdAt": "2024-03-30T18:04:55.015352Z", "event": "stdout", "payload": {"text": "---------------------------------"}, "sequence": 76}
{"executionId": "8c5709d2-e45d-401c-ad22-40f0124179af", "createdAt": "2024-03-30T18:04:55.015492Z", "event": "form-message", "payload": {"messageType": "execution:stdout", "messagePayload": {"log": "\n"}}, "sequence": 77}
{"executionId": "8c5709d2-e45d-401c-ad22-40f0124179af", "createdAt": "2024-03-30T18:04:55.030189Z", "event": "stdout", "payload": {"text": "\n"}, "sequence": 78}
{"executionId": "8c5709d2-e45d-401c-ad22-40f0124179af", "createdAt": "2024-03-30T18:04:55.031066Z", "event": "form-message", "payload": {"messageType": "form:mount-page", "messagePayload": {"widgets": [{"type": "text-output", "text": "\ud83d\ude80 Below is the price comparison:", "size": "medium", "fullWidth": false}, {"type": "text-output", "text": "Amazon price: 24,180", "size": "medium", "fullWidth": false}, {"type": "image-output", "imageUrl": "https://m.media-amazon.com/images/I/81QvAGRjTAL._AC_UY218_.jpg", "subtitle": "", "fullWidth": false, "label": ""}, {"type": "text-output", "text": "Flipkart price: \u20b924,999", "size": "medium", "fullWidth": false}, {"type": "image-output", "imageUrl": "https://rukminim2.flixcart.com/image/312/312/xif0q/mobile/m/p/y/12-pro-5g-rmx3842-realme-original-imagxgnhafyjz8rb.jpeg?q=70", "subtitle": "", "fullWidth": false, "label": ""}], "actions": ["i18n_next_action"], "endProgram": false, "reactivePollingInterval": 0, "steps": null}}, "sequence": 79}
{"executionId": "8c5709d2-e45d-401c-ad22-40f0124179af", "createdAt": "2024-03-30T18:05:17.037064Z", "event": "form-message", "payload": {"messageType": "connection-closed", "messagePayload": {"message": "[ERROR] Unhandled connection closed with code 4000: FORM_EDITOR_RESTART\n", "reason": 4000}}, "sequence": 80}
{"executionId": "8c5709d2-e45d-401c-ad22-40f0124179af", "createdAt": "2024-03-30T18:05:17.039005Z", "event": "unhandled-exception", "payload": {"text": "Traceback (most recent call last):\n  File \"/Users/raj/nanu-project/.venv/lib/python3.10/site-packages/abstra_internals/execution/form_execution.py\", line 112, in recv\n    str_data = self._connection.receive()\n  File \"/Users/raj/nanu-project/.venv/lib/python3.10/site-packages/simple_websocket/ws.py\", line 104, in receive\n    raise ConnectionClosed(self.close_reason, self.close_message)\nsimple_websocket.errors.ConnectionClosed: Connection closed: 4000 FORM_EDITOR_RESTART\n\nDuring handling of the above exception, another exception occurred:\n\nTraceback (most recent call last):\n  File \"/Users/raj/nanu-project/.venv/lib/python3.10/site-packages/abstra_internals/execution/execution.py\", line 236, in run\n    import_as_new(self.stage.file)\n  File \"/Users/raj/nanu-project/.venv/lib/python3.10/site-packages/abstra_internals/modules.py\", line 21, in import_as_new\n    module_spec.loader.exec_module(module)\n  File \"<frozen importlib._bootstrap_external>\", line 883, in exec_module\n  File \"<frozen importlib._bootstrap>\", line 241, in _call_with_frames_removed\n  File \"/Users/raj/nanu-project/product_name.py\", line 30, in <module>\n    page.run()\n  File \"/Users/raj/nanu-project/.venv/lib/python3.10/site-packages/abstra_internals/interface/sdk/forms/page.py\", line 104, in run\n    response: Dict = self.__handle_page_user_events(validate_func=validate)\n  File \"/Users/raj/nanu-project/.venv/lib/python3.10/site-packages/abstra_internals/interface/sdk/forms/page.py\", line 113, in __handle_page_user_events\n    response = receive()\n  File \"/Users/raj/nanu-project/.venv/lib/python3.10/site-packages/abstra_internals/interface/sdk/forms/connection.py\", line 12, in receive\n    return execution.receive()\n  File \"/Users/raj/nanu-project/.venv/lib/python3.10/site-packages/abstra_internals/execution/form_execution.py\", line 140, in receive\n    type, data = self.recv()\n  File \"/Users/raj/nanu-project/.venv/lib/python3.10/site-packages/abstra_internals/execution/form_execution.py\", line 114, in recv\n    self.close()\n  File \"/Users/raj/nanu-project/.venv/lib/python3.10/site-packages/abstra_internals/execution/form_execution.py\", line 123, in close\n    self._connection.close(message=reason)\n  File \"/Users/raj/nanu-project/.venv/lib/python3.10/site-packages/simple_websocket/ws.py\", line 115, in close\n    raise ConnectionClosed(self.close_reason, self.close_message)\nsimple_websocket.errors.ConnectionClosed: Connection closed: 4000 FORM_EDITOR_RESTART\n"}, "sequence": 81}
{"executionId": "8c5709d2-e45d-401c-ad22-40f0124179af", "createdAt": "2024-03-30T18:05:17.039948Z", "event": "form-message", "payload": {"messageType": "execution:stderr", "messagePayload": {"log": "Traceback (most recent call last):\n  File \"/Users/raj/nanu-project/.venv/lib/python3.10/site-packages/abstra_internals/execution/form_execution.py\", line 112, in recv\n    str_data = self._connection.receive()\n  File \"/Users/raj/nanu-project/.venv/lib/python3.10/site-packages/simple_websocket/ws.py\", line 104, in receive\n    raise ConnectionClosed(self.close_reason, self.close_message)\nsimple_websocket.errors.ConnectionClosed: Connection closed: 4000 FORM_EDITOR_RESTART\n\nDuring handling of the above exception, another exception occurred:\n\nTraceback (most recent call last):\n  File \"/Users/raj/nanu-project/.venv/lib/python3.10/site-packages/abstra_internals/execution/execution.py\", line 236, in run\n    import_as_new(self.stage.file)\n  File \"/Users/raj/nanu-project/.venv/lib/python3.10/site-packages/abstra_internals/modules.py\", line 21, in import_as_new\n    module_spec.loader.exec_module(module)\n  File \"<frozen importlib._bootstrap_external>\", line 883, in exec_module\n  File \"<frozen importlib._bootstrap>\", line 241, in _call_with_frames_removed\n  File \"/Users/raj/nanu-project/product_name.py\", line 30, in <module>\n    page.run()\n  File \"/Users/raj/nanu-project/.venv/lib/python3.10/site-packages/abstra_internals/interface/sdk/forms/page.py\", line 104, in run\n    response: Dict = self.__handle_page_user_events(validate_func=validate)\n  File \"/Users/raj/nanu-project/.venv/lib/python3.10/site-packages/abstra_internals/interface/sdk/forms/page.py\", line 113, in __handle_page_user_events\n    response = receive()\n  File \"/Users/raj/nanu-project/.venv/lib/python3.10/site-packages/abstra_internals/interface/sdk/forms/connection.py\", line 12, in receive\n    return execution.receive()\n  File \"/Users/raj/nanu-project/.venv/lib/python3.10/site-packages/abstra_internals/execution/form_execution.py\", line 140, in receive\n    type, data = self.recv()\n  File \"/Users/raj/nanu-project/.venv/lib/python3.10/site-packages/abstra_internals/execution/form_execution.py\", line 114, in recv\n    self.close()\n  File \"/Users/raj/nanu-project/.venv/lib/python3.10/site-packages/abstra_internals/execution/form_execution.py\", line 123, in close\n    self._connection.close(message=reason)\n  File \"/Users/raj/nanu-project/.venv/lib/python3.10/site-packages/simple_websocket/ws.py\", line 115, in close\n    raise ConnectionClosed(self.close_reason, self.close_message)\nsimple_websocket.errors.ConnectionClosed: Connection closed: 4000 FORM_EDITOR_RESTART\n"}}, "sequence": 82}
