{"executionId": "c0e83b21-d4d2-49ed-a52a-0c426b5710d1", "createdAt": "2024-03-30T17:07:36.185989Z", "event": "form-message", "payload": {"messageType": "execution:start", "messagePayload": {"type": "execution:start", "params": {}}}, "sequence": 1}
{"executionId": "c0e83b21-d4d2-49ed-a52a-0c426b5710d1", "createdAt": "2024-03-30T17:07:36.186530Z", "event": "form-message", "payload": {"messageType": "execution:started", "messagePayload": {"executionId": "c0e83b21-d4d2-49ed-a52a-0c426b5710d1"}}, "sequence": 2}
{"executionId": "c0e83b21-d4d2-49ed-a52a-0c426b5710d1", "createdAt": "2024-03-30T17:07:36.189886Z", "event": "form-message", "payload": {"messageType": "form:mount-page", "messagePayload": {"widgets": [{"type": "text-input", "key": "\ud83d\udc4b Hello there! What is your name?", "label": "\ud83d\udc4b Hello there! What is your name?", "value": "", "placeholder": "", "required": true, "hint": null, "fullWidth": false, "mask": null, "disabled": false, "errors": []}], "actions": ["i18n_next_action"], "endProgram": false, "reactivePollingInterval": 0, "steps": null}}, "sequence": 3}
{"executionId": "c0e83b21-d4d2-49ed-a52a-0c426b5710d1", "createdAt": "2024-03-30T17:07:39.780312Z", "event": "form-message", "payload": {"messageType": "form:user-event", "messagePayload": {"type": "form:user-event", "payload": {"\ud83d\udc4b Hello there! What is your name?": "R"}, "secrets": [], "seq": 1}}, "sequence": 4}
{"executionId": "c0e83b21-d4d2-49ed-a52a-0c426b5710d1", "createdAt": "2024-03-30T17:07:39.780776Z", "event": "form-message", "payload": {"messageType": "form:update-page", "messagePayload": {"widgets": [{"type": "text-input", "key": "\ud83d\udc4b Hello there! What is your name?", "label": "\ud83d\udc4b Hello there! What is your name?", "value": "R", "placeholder": "", "required": true, "hint": null, "fullWidth": false, "mask": null, "disabled": false, "errors": []}], "validation": {"status": true, "message": ""}, "seq": 1}}, "sequence": 5}
{"executionId": "c0e83b21-d4d2-49ed-a52a-0c426b5710d1", "createdAt": "2024-03-30T17:07:40.300779Z", "event": "form-message", "payload": {"messageType": "form:user-event", "messagePayload": {"type": "form:user-event", "payload": {"\ud83d\udc4b Hello there! What is your name?": "Ra"}, "secrets": [], "seq": 2}}, "sequence": 6}
{"executionId": "c0e83b21-d4d2-49ed-a52a-0c426b5710d1", "createdAt": "2024-03-30T17:07:40.301241Z", "event": "form-message", "payload": {"messageType": "form:update-page", "messagePayload": {"widgets": [{"type": "text-input", "key": "\ud83d\udc4b Hello there! What is your name?", "label": "\ud83d\udc4b Hello there! What is your name?", "value": "Ra", "placeholder": "", "required": true, "hint": null, "fullWidth": false, "mask": null, "disabled": false, "errors": []}], "validation": {"status": true, "message": ""}, "seq": 2}}, "sequence": 7}
{"executionId": "c0e83b21-d4d2-49ed-a52a-0c426b5710d1", "createdAt": "2024-03-30T17:07:40.450312Z", "event": "form-message", "payload": {"messageType": "form:user-event", "messagePayload": {"type": "form:user-event", "payload": {"\ud83d\udc4b Hello there! What is your name?": "Raj"}, "secrets": [], "seq": 3}}, "sequence": 8}
{"executionId": "c0e83b21-d4d2-49ed-a52a-0c426b5710d1", "createdAt": "2024-03-30T17:07:40.450802Z", "event": "form-message", "payload": {"messageType": "form:update-page", "messagePayload": {"widgets": [{"type": "text-input", "key": "\ud83d\udc4b Hello there! What is your name?", "label": "\ud83d\udc4b Hello there! What is your name?", "value": "Raj", "placeholder": "", "required": true, "hint": null, "fullWidth": false, "mask": null, "disabled": false, "errors": []}], "validation": {"status": true, "message": ""}, "seq": 3}}, "sequence": 9}
{"executionId": "c0e83b21-d4d2-49ed-a52a-0c426b5710d1", "createdAt": "2024-03-30T17:07:41.998823Z", "event": "form-message", "payload": {"messageType": "form:page-response", "messagePayload": {"type": "form:page-response", "payload": {"\ud83d\udc4b Hello there! What is your name?": "Raj"}, "action": "i18n_next_action", "seq": 4}}, "sequence": 10}
{"executionId": "c0e83b21-d4d2-49ed-a52a-0c426b5710d1", "createdAt": "2024-03-30T17:07:41.999480Z", "event": "form-message", "payload": {"messageType": "form:mount-page", "messagePayload": {"widgets": [{"type": "text-output", "text": "\ud83c\udf89 Welcome, Raj!", "size": "medium", "fullWidth": false}], "actions": ["i18n_next_action"], "endProgram": false, "reactivePollingInterval": 0, "steps": null}}, "sequence": 11}
{"executionId": "c0e83b21-d4d2-49ed-a52a-0c426b5710d1", "createdAt": "2024-03-30T17:07:58.802557Z", "event": "form-message", "payload": {"messageType": "form:page-response", "messagePayload": {"type": "form:page-response", "payload": {}, "action": "i18n_next_action", "seq": 5}}, "sequence": 12}
{"executionId": "c0e83b21-d4d2-49ed-a52a-0c426b5710d1", "createdAt": "2024-03-30T17:07:58.803259Z", "event": "form-message", "payload": {"messageType": "form:mount-page", "messagePayload": {"widgets": [{"type": "text-output", "text": "\ud83d\udca1 Please enter a product name", "size": "medium", "fullWidth": false}], "actions": ["i18n_next_action"], "endProgram": false, "reactivePollingInterval": 0, "steps": null}}, "sequence": 13}
{"executionId": "c0e83b21-d4d2-49ed-a52a-0c426b5710d1", "createdAt": "2024-03-30T17:09:24.049068Z", "event": "form-message", "payload": {"messageType": "connection-closed", "messagePayload": {"message": "[ERROR] Unhandled connection closed with code 4000: FORM_EDITOR_RESTART\n", "reason": 4000}}, "sequence": 14}
{"executionId": "c0e83b21-d4d2-49ed-a52a-0c426b5710d1", "createdAt": "2024-03-30T17:09:24.051722Z", "event": "unhandled-exception", "payload": {"text": "Traceback (most recent call last):\n  File \"/Users/raj/nanu-project/.venv/lib/python3.10/site-packages/abstra_internals/execution/form_execution.py\", line 112, in recv\n    str_data = self._connection.receive()\n  File \"/Users/raj/nanu-project/.venv/lib/python3.10/site-packages/simple_websocket/ws.py\", line 104, in receive\n    raise ConnectionClosed(self.close_reason, self.close_message)\nsimple_websocket.errors.ConnectionClosed: Connection closed: 4000 FORM_EDITOR_RESTART\n\nDuring handling of the above exception, another exception occurred:\n\nTraceback (most recent call last):\n  File \"/Users/raj/nanu-project/.venv/lib/python3.10/site-packages/abstra_internals/execution/execution.py\", line 236, in run\n    import_as_new(self.stage.file)\n  File \"/Users/raj/nanu-project/.venv/lib/python3.10/site-packages/abstra_internals/modules.py\", line 21, in import_as_new\n    module_spec.loader.exec_module(module)\n  File \"<frozen importlib._bootstrap_external>\", line 883, in exec_module\n  File \"<frozen importlib._bootstrap>\", line 241, in _call_with_frames_removed\n  File \"/Users/raj/nanu-project/product_name.py\", line 13, in <module>\n    af.display(\"\ud83d\udca1 Please enter a product name\")\n  File \"/Users/raj/nanu-project/.venv/lib/python3.10/site-packages/abstra_internals/interface/sdk/forms/generated/outputs.py\", line 251, in display\n    return Page().display(text, **kwargs).run(button_text, end_program=end_program)\n  File \"/Users/raj/nanu-project/.venv/lib/python3.10/site-packages/abstra_internals/interface/sdk/forms/page.py\", line 104, in run\n    response: Dict = self.__handle_page_user_events(validate_func=validate)\n  File \"/Users/raj/nanu-project/.venv/lib/python3.10/site-packages/abstra_internals/interface/sdk/forms/page.py\", line 113, in __handle_page_user_events\n    response = receive()\n  File \"/Users/raj/nanu-project/.venv/lib/python3.10/site-packages/abstra_internals/interface/sdk/forms/connection.py\", line 12, in receive\n    return execution.receive()\n  File \"/Users/raj/nanu-project/.venv/lib/python3.10/site-packages/abstra_internals/execution/form_execution.py\", line 140, in receive\n    type, data = self.recv()\n  File \"/Users/raj/nanu-project/.venv/lib/python3.10/site-packages/abstra_internals/execution/form_execution.py\", line 114, in recv\n    self.close()\n  File \"/Users/raj/nanu-project/.venv/lib/python3.10/site-packages/abstra_internals/execution/form_execution.py\", line 123, in close\n    self._connection.close(message=reason)\n  File \"/Users/raj/nanu-project/.venv/lib/python3.10/site-packages/simple_websocket/ws.py\", line 115, in close\n    raise ConnectionClosed(self.close_reason, self.close_message)\nsimple_websocket.errors.ConnectionClosed: Connection closed: 4000 FORM_EDITOR_RESTART\n"}, "sequence": 15}
{"executionId": "c0e83b21-d4d2-49ed-a52a-0c426b5710d1", "createdAt": "2024-03-30T17:09:24.052603Z", "event": "form-message", "payload": {"messageType": "execution:stderr", "messagePayload": {"log": "Traceback (most recent call last):\n  File \"/Users/raj/nanu-project/.venv/lib/python3.10/site-packages/abstra_internals/execution/form_execution.py\", line 112, in recv\n    str_data = self._connection.receive()\n  File \"/Users/raj/nanu-project/.venv/lib/python3.10/site-packages/simple_websocket/ws.py\", line 104, in receive\n    raise ConnectionClosed(self.close_reason, self.close_message)\nsimple_websocket.errors.ConnectionClosed: Connection closed: 4000 FORM_EDITOR_RESTART\n\nDuring handling of the above exception, another exception occurred:\n\nTraceback (most recent call last):\n  File \"/Users/raj/nanu-project/.venv/lib/python3.10/site-packages/abstra_internals/execution/execution.py\", line 236, in run\n    import_as_new(self.stage.file)\n  File \"/Users/raj/nanu-project/.venv/lib/python3.10/site-packages/abstra_internals/modules.py\", line 21, in import_as_new\n    module_spec.loader.exec_module(module)\n  File \"<frozen importlib._bootstrap_external>\", line 883, in exec_module\n  File \"<frozen importlib._bootstrap>\", line 241, in _call_with_frames_removed\n  File \"/Users/raj/nanu-project/product_name.py\", line 13, in <module>\n    af.display(\"\ud83d\udca1 Please enter a product name\")\n  File \"/Users/raj/nanu-project/.venv/lib/python3.10/site-packages/abstra_internals/interface/sdk/forms/generated/outputs.py\", line 251, in display\n    return Page().display(text, **kwargs).run(button_text, end_program=end_program)\n  File \"/Users/raj/nanu-project/.venv/lib/python3.10/site-packages/abstra_internals/interface/sdk/forms/page.py\", line 104, in run\n    response: Dict = self.__handle_page_user_events(validate_func=validate)\n  File \"/Users/raj/nanu-project/.venv/lib/python3.10/site-packages/abstra_internals/interface/sdk/forms/page.py\", line 113, in __handle_page_user_events\n    response = receive()\n  File \"/Users/raj/nanu-project/.venv/lib/python3.10/site-packages/abstra_internals/interface/sdk/forms/connection.py\", line 12, in receive\n    return execution.receive()\n  File \"/Users/raj/nanu-project/.venv/lib/python3.10/site-packages/abstra_internals/execution/form_execution.py\", line 140, in receive\n    type, data = self.recv()\n  File \"/Users/raj/nanu-project/.venv/lib/python3.10/site-packages/abstra_internals/execution/form_execution.py\", line 114, in recv\n    self.close()\n  File \"/Users/raj/nanu-project/.venv/lib/python3.10/site-packages/abstra_internals/execution/form_execution.py\", line 123, in close\n    self._connection.close(message=reason)\n  File \"/Users/raj/nanu-project/.venv/lib/python3.10/site-packages/simple_websocket/ws.py\", line 115, in close\n    raise ConnectionClosed(self.close_reason, self.close_message)\nsimple_websocket.errors.ConnectionClosed: Connection closed: 4000 FORM_EDITOR_RESTART\n"}}, "sequence": 16}
